c:\users\alex\source\repos\directx-graphics-samples\samples\desktop\d3d12helloworld\src\hellotexture\obj\x64\debug\d3d12hellotexture.pch
c:\users\alex\source\repos\directx-graphics-samples\samples\desktop\d3d12helloworld\src\hellotexture\obj\x64\debug\vc142.pdb
c:\users\alex\source\repos\directx-graphics-samples\samples\desktop\d3d12helloworld\src\hellotexture\obj\x64\debug\vc142.idb
c:\users\alex\source\repos\directx-graphics-samples\samples\desktop\d3d12helloworld\src\hellotexture\obj\x64\debug\stdafx.obj
c:\users\alex\source\repos\directx-graphics-samples\samples\desktop\d3d12helloworld\src\hellotexture\obj\x64\debug\main.obj
c:\users\alex\source\repos\directx-graphics-samples\samples\desktop\d3d12helloworld\src\hellotexture\obj\x64\debug\dxsample.obj
c:\users\alex\source\repos\directx-graphics-samples\samples\desktop\d3d12helloworld\src\hellotexture\obj\x64\debug\d3d12hellotexture.obj
c:\users\alex\source\repos\directx-graphics-samples\samples\desktop\d3d12helloworld\src\hellotexture\obj\x64\debug\win32application.obj
c:\users\alex\source\repos\directx-graphics-samples\samples\desktop\d3d12helloworld\src\hellotexture\bin\x64\debug\shaders.hlsl
c:\users\alex\source\repos\directx-graphics-samples\samples\desktop\d3d12helloworld\src\hellotexture\obj\x64\debug\d3d12hellotexture.ilk
c:\users\alex\source\repos\directx-graphics-samples\samples\desktop\d3d12helloworld\src\hellotexture\bin\x64\debug\d3d12hellotexture.exe
c:\users\alex\source\repos\directx-graphics-samples\samples\desktop\d3d12helloworld\src\hellotexture\bin\x64\debug\d3d12hellotexture.pdb
c:\users\alex\source\repos\directx-graphics-samples\samples\desktop\d3d12helloworld\src\hellotexture\obj\x64\debug\d3d12hel.16b13bb4.tlog\cl.command.1.tlog
c:\users\alex\source\repos\directx-graphics-samples\samples\desktop\d3d12helloworld\src\hellotexture\obj\x64\debug\d3d12hel.16b13bb4.tlog\cl.read.1.tlog
c:\users\alex\source\repos\directx-graphics-samples\samples\desktop\d3d12helloworld\src\hellotexture\obj\x64\debug\d3d12hel.16b13bb4.tlog\cl.write.1.tlog
c:\users\alex\source\repos\directx-graphics-samples\samples\desktop\d3d12helloworld\src\hellotexture\obj\x64\debug\d3d12hel.16b13bb4.tlog\custombuild.command.1.tlog
c:\users\alex\source\repos\directx-graphics-samples\samples\desktop\d3d12helloworld\src\hellotexture\obj\x64\debug\d3d12hel.16b13bb4.tlog\custombuild.read.1.tlog
c:\users\alex\source\repos\directx-graphics-samples\samples\desktop\d3d12helloworld\src\hellotexture\obj\x64\debug\d3d12hel.16b13bb4.tlog\custombuild.write.1.tlog
c:\users\alex\source\repos\directx-graphics-samples\samples\desktop\d3d12helloworld\src\hellotexture\obj\x64\debug\d3d12hel.16b13bb4.tlog\link.command.1.tlog
c:\users\alex\source\repos\directx-graphics-samples\samples\desktop\d3d12helloworld\src\hellotexture\obj\x64\debug\d3d12hel.16b13bb4.tlog\link.read.1.tlog
c:\users\alex\source\repos\directx-graphics-samples\samples\desktop\d3d12helloworld\src\hellotexture\obj\x64\debug\d3d12hel.16b13bb4.tlog\link.write.1.tlog
